This file contains any messages produced by compilers while
running configure, to aid debugging if configure makes a mistake.

It was created by configure, which was
generated by GNU Autoconf 2.69.  Invocation command line was

  $ ./configure 

## --------- ##
## Platform. ##
## --------- ##

hostname = vitroid-black.local
uname -m = x86_64
uname -r = 16.4.0
uname -s = Darwin
uname -v = Darwin Kernel Version 16.4.0: Thu Dec 22 22:53:21 PST 2016; root:xnu-3789.41.3~3/RELEASE_X86_64

/usr/bin/uname -p = i386
/bin/uname -X     = unknown

/bin/arch              = unknown
/usr/bin/arch -k       = unknown
/usr/convex/getsysinfo = unknown
/usr/bin/hostinfo      = Mach kernel version:
	 Darwin Kernel Version 16.4.0: Thu Dec 22 22:53:21 PST 2016; root:xnu-3789.41.3~3/RELEASE_X86_64
Kernel configured for up to 8 processors.
4 processors are physically available.
8 processors are logically available.
Processor type: i486 (Intel 80486)
Processors active: 0 1 2 3 4 5 6 7
Primary memory available: 12.00 gigabytes
Default processor set: 432 tasks, 2185 threads, 8 processors
Load average: 2.71, Mach factor: 5.27
/bin/machine           = unknown
/usr/bin/oslevel       = unknown
/bin/universe          = unknown

PATH: /Users/matto/.pyenv/shims
PATH: /usr/local/bin
PATH: /Library/Frameworks/Python.framework/Versions/2.7/bin
PATH: /Users/matto/Library/Application Support/GoodSync
PATH: /usr/local/bin
PATH: /usr/bin
PATH: /bin
PATH: /usr/sbin
PATH: /sbin
PATH: /opt/X11/bin
PATH: /Library/TeX/texbin


## ----------- ##
## Core tests. ##
## ----------- ##

configure:2426: checking for a BSD-compatible install
configure:2494: result: /usr/bin/install -c
configure:2505: checking whether build environment is sane
configure:2560: result: yes
configure:2598: WARNING: 'missing' script is too old or missing
configure:2711: checking for a thread-safe mkdir -p
configure:2750: result: ./install-sh -c -d
configure:2757: checking for gawk
configure:2787: result: no
configure:2757: checking for mawk
configure:2787: result: no
configure:2757: checking for nawk
configure:2787: result: no
configure:2757: checking for awk
configure:2773: found /usr/bin/awk
configure:2784: result: awk
configure:2795: checking whether make sets $(MAKE)
configure:2817: result: yes
configure:2964: checking for gcc
configure:2980: found /usr/bin/gcc
configure:2991: result: gcc
configure:3220: checking for C compiler version
configure:3229: gcc --version >&5
Apple LLVM version 8.0.0 (clang-800.0.42.1)
Target: x86_64-apple-darwin16.4.0
Thread model: posix
InstalledDir: /Applications/Xcode.app/Contents/Developer/Toolchains/XcodeDefault.xctoolchain/usr/bin
Configured with: --prefix=/Applications/Xcode.app/Contents/Developer/usr --with-gxx-include-dir=/Applications/Xcode.app/Contents/Developer/Platforms/MacOSX.platform/Developer/SDKs/MacOSX10.12.sdk/usr/include/c++/4.2.1
configure:3240: $? = 0
configure:3229: gcc -v >&5
Configured with: --prefix=/Applications/Xcode.app/Contents/Developer/usr --with-gxx-include-dir=/Applications/Xcode.app/Contents/Developer/Platforms/MacOSX.platform/Developer/SDKs/MacOSX10.12.sdk/usr/include/c++/4.2.1
Apple LLVM version 8.0.0 (clang-800.0.42.1)
Target: x86_64-apple-darwin16.4.0
Thread model: posix
InstalledDir: /Applications/Xcode.app/Contents/Developer/Toolchains/XcodeDefault.xctoolchain/usr/bin
configure:3240: $? = 0
configure:3229: gcc -V >&5
clang: error: argument to '-V' is missing (expected 1 value)
clang: error: no input files
configure:3240: $? = 1
configure:3229: gcc -qversion >&5
clang: error: unknown argument: '-qversion'
clang: error: no input files
configure:3240: $? = 1
configure:3260: checking whether the C compiler works
configure:3282: gcc    conftest.c  >&5
configure:3286: $? = 0
configure:3334: result: yes
configure:3337: checking for C compiler default output file name
configure:3339: result: a.out
configure:3345: checking for suffix of executables
configure:3352: gcc -o conftest    conftest.c  >&5
configure:3356: $? = 0
configure:3378: result: 
configure:3400: checking whether we are cross compiling
configure:3408: gcc -o conftest    conftest.c  >&5
configure:3412: $? = 0
configure:3419: ./conftest
configure:3423: $? = 0
configure:3438: result: no
configure:3443: checking for suffix of object files
configure:3465: gcc -c   conftest.c >&5
configure:3469: $? = 0
configure:3490: result: o
configure:3494: checking whether we are using the GNU C compiler
configure:3513: gcc -c   conftest.c >&5
configure:3513: $? = 0
configure:3522: result: yes
configure:3531: checking whether gcc accepts -g
configure:3551: gcc -c -g  conftest.c >&5
configure:3551: $? = 0
configure:3592: result: yes
configure:3609: checking for gcc option to accept ISO C89
configure:3672: gcc  -c -g -O2  conftest.c >&5
configure:3672: $? = 0
configure:3685: result: none needed
configure:3716: checking for style of include used by make
configure:3744: result: GNU
configure:3770: checking dependency style of gcc
configure:3881: result: gcc3
configure:3926: checking for pkg-config
configure:3944: found /usr/local/bin/pkg-config
configure:3957: result: /usr/local/bin/pkg-config
configure:3979: checking for GTK+ - version >= 2.0.0
configure:4089: gcc -o conftest -g -O2 -DGTK_ENABLE_BROKEN -D_REENTRANT -I/usr/local/Cellar/gtk+/2.24.31_1/include/gtk-2.0 -I/usr/local/Cellar/gtk+/2.24.31_1/lib/gtk-2.0/include -I/usr/local/Cellar/pango/1.40.3/include/pango-1.0 -I/usr/local/Cellar/harfbuzz/1.4.2/include/harfbuzz -I/usr/local/Cellar/pango/1.40.3/include/pango-1.0 -I/usr/local/Cellar/atk/2.22.0/include/atk-1.0 -I/usr/local/Cellar/cairo/1.14.8/include/cairo -I/usr/local/Cellar/pixman/0.34.0/include/pixman-1 -I/usr/local/Cellar/fontconfig/2.12.1_2/include -I/usr/local/opt/freetype/include/freetype2 -I/usr/local/Cellar/libpng/1.6.28/include/libpng16 -I/usr/local/Cellar/gdk-pixbuf/2.36.2/include/gdk-pixbuf-2.0 -I/usr/local/Cellar/libpng/1.6.28/include/libpng16 -I/usr/local/Cellar/glib/2.50.2/include/glib-2.0 -I/usr/local/Cellar/glib/2.50.2/lib/glib-2.0/include -I/usr/local/opt/gettext/include -I/usr/local/Cellar/pcre/8.39/include   conftest.c -L/usr/local/Cellar/gtk+/2.24.31_1/lib -L/usr/local/Cellar/pango/1.40.3/lib -L/usr/local/Cellar/atk/2.22.0/lib -L/usr/local/Cellar/cairo/1.14.8/lib -L/usr/local/Cellar/gdk-pixbuf/2.36.2/lib -L/usr/local/Cellar/glib/2.50.2/lib -L/usr/local/opt/gettext/lib -lgtk-quartz-2.0 -lgdk-quartz-2.0 -lpangocairo-1.0 -lpango-1.0 -latk-1.0 -lcairo -lgdk_pixbuf-2.0 -lgio-2.0 -lgobject-2.0 -lglib-2.0 -lintl  >&5
configure:4089: $? = 0
configure:4089: ./conftest
configure:4089: $? = 0
configure:4103: result: yes (version 2.24.31)
configure:4174: checking how to run the C preprocessor
configure:4205: gcc -E  conftest.c
configure:4205: $? = 0
configure:4219: gcc -E  conftest.c
conftest.c:14:10: fatal error: 'ac_nonexistent.h' file not found
#include <ac_nonexistent.h>
         ^
1 error generated.
configure:4219: $? = 1
configure: failed program was:
| /* confdefs.h */
| #define PACKAGE_NAME ""
| #define PACKAGE_TARNAME ""
| #define PACKAGE_VERSION ""
| #define PACKAGE_STRING ""
| #define PACKAGE_BUGREPORT ""
| #define PACKAGE_URL ""
| #define PACKAGE "mdview"
| #define VERSION "3.64.0"
| #define MDV_VERSION "3"
| #define MDV_REVISION "64"
| #define MDV_FIXLEVEL "0"
| /* end confdefs.h.  */
| #include <ac_nonexistent.h>
configure:4244: result: gcc -E
configure:4264: gcc -E  conftest.c
configure:4264: $? = 0
configure:4278: gcc -E  conftest.c
conftest.c:14:10: fatal error: 'ac_nonexistent.h' file not found
#include <ac_nonexistent.h>
         ^
1 error generated.
configure:4278: $? = 1
configure: failed program was:
| /* confdefs.h */
| #define PACKAGE_NAME ""
| #define PACKAGE_TARNAME ""
| #define PACKAGE_VERSION ""
| #define PACKAGE_STRING ""
| #define PACKAGE_BUGREPORT ""
| #define PACKAGE_URL ""
| #define PACKAGE "mdview"
| #define VERSION "3.64.0"
| #define MDV_VERSION "3"
| #define MDV_REVISION "64"
| #define MDV_FIXLEVEL "0"
| /* end confdefs.h.  */
| #include <ac_nonexistent.h>
configure:4307: checking for grep that handles long lines and -e
configure:4365: result: /usr/bin/grep
configure:4370: checking for egrep
configure:4432: result: /usr/bin/grep -E
configure:4437: checking for ANSI C header files
configure:4457: gcc -c -g -O2 -DGTK_ENABLE_BROKEN  conftest.c >&5
configure:4457: $? = 0
configure:4530: gcc -o conftest -g -O2 -DGTK_ENABLE_BROKEN   conftest.c  >&5
configure:4530: $? = 0
configure:4530: ./conftest
configure:4530: $? = 0
configure:4541: result: yes
configure:4554: checking for sys/types.h
configure:4554: gcc -c -g -O2 -DGTK_ENABLE_BROKEN  conftest.c >&5
configure:4554: $? = 0
configure:4554: result: yes
configure:4554: checking for sys/stat.h
configure:4554: gcc -c -g -O2 -DGTK_ENABLE_BROKEN  conftest.c >&5
configure:4554: $? = 0
configure:4554: result: yes
configure:4554: checking for stdlib.h
configure:4554: gcc -c -g -O2 -DGTK_ENABLE_BROKEN  conftest.c >&5
configure:4554: $? = 0
configure:4554: result: yes
configure:4554: checking for string.h
configure:4554: gcc -c -g -O2 -DGTK_ENABLE_BROKEN  conftest.c >&5
configure:4554: $? = 0
configure:4554: result: yes
configure:4554: checking for memory.h
configure:4554: gcc -c -g -O2 -DGTK_ENABLE_BROKEN  conftest.c >&5
configure:4554: $? = 0
configure:4554: result: yes
configure:4554: checking for strings.h
configure:4554: gcc -c -g -O2 -DGTK_ENABLE_BROKEN  conftest.c >&5
configure:4554: $? = 0
configure:4554: result: yes
configure:4554: checking for inttypes.h
configure:4554: gcc -c -g -O2 -DGTK_ENABLE_BROKEN  conftest.c >&5
configure:4554: $? = 0
configure:4554: result: yes
configure:4554: checking for stdint.h
configure:4554: gcc -c -g -O2 -DGTK_ENABLE_BROKEN  conftest.c >&5
configure:4554: $? = 0
configure:4554: result: yes
configure:4554: checking for unistd.h
configure:4554: gcc -c -g -O2 -DGTK_ENABLE_BROKEN  conftest.c >&5
configure:4554: $? = 0
configure:4554: result: yes
configure:4569: checking sys/time.h usability
configure:4569: gcc -c -g -O2 -DGTK_ENABLE_BROKEN  conftest.c >&5
configure:4569: $? = 0
configure:4569: result: yes
configure:4569: checking sys/time.h presence
configure:4569: gcc -E  conftest.c
configure:4569: $? = 0
configure:4569: result: yes
configure:4569: checking for sys/time.h
configure:4569: result: yes
configure:4569: checking for unistd.h
configure:4569: result: yes
configure:4580: checking for an ANSI C-conforming const
configure:4646: gcc -c -g -O2 -DGTK_ENABLE_BROKEN  conftest.c >&5
configure:4646: $? = 0
configure:4653: result: yes
configure:4661: checking for size_t
configure:4661: gcc -c -g -O2 -DGTK_ENABLE_BROKEN  conftest.c >&5
configure:4661: $? = 0
configure:4661: gcc -c -g -O2 -DGTK_ENABLE_BROKEN  conftest.c >&5
conftest.c:62:21: error: expected expression
if (sizeof ((size_t)))
                    ^
1 error generated.
configure:4661: $? = 1
configure: failed program was:
| /* confdefs.h */
| #define PACKAGE_NAME ""
| #define PACKAGE_TARNAME ""
| #define PACKAGE_VERSION ""
| #define PACKAGE_STRING ""
| #define PACKAGE_BUGREPORT ""
| #define PACKAGE_URL ""
| #define PACKAGE "mdview"
| #define VERSION "3.64.0"
| #define MDV_VERSION "3"
| #define MDV_REVISION "64"
| #define MDV_FIXLEVEL "0"
| #define STDC_HEADERS 1
| #define HAVE_SYS_TYPES_H 1
| #define HAVE_SYS_STAT_H 1
| #define HAVE_STDLIB_H 1
| #define HAVE_STRING_H 1
| #define HAVE_MEMORY_H 1
| #define HAVE_STRINGS_H 1
| #define HAVE_INTTYPES_H 1
| #define HAVE_STDINT_H 1
| #define HAVE_UNISTD_H 1
| #define HAVE_SYS_TIME_H 1
| #define HAVE_UNISTD_H 1
| /* end confdefs.h.  */
| #include <stdio.h>
| #ifdef HAVE_SYS_TYPES_H
| # include <sys/types.h>
| #endif
| #ifdef HAVE_SYS_STAT_H
| # include <sys/stat.h>
| #endif
| #ifdef STDC_HEADERS
| # include <stdlib.h>
| # include <stddef.h>
| #else
| # ifdef HAVE_STDLIB_H
| #  include <stdlib.h>
| # endif
| #endif
| #ifdef HAVE_STRING_H
| # if !defined STDC_HEADERS && defined HAVE_MEMORY_H
| #  include <memory.h>
| # endif
| # include <string.h>
| #endif
| #ifdef HAVE_STRINGS_H
| # include <strings.h>
| #endif
| #ifdef HAVE_INTTYPES_H
| # include <inttypes.h>
| #endif
| #ifdef HAVE_STDINT_H
| # include <stdint.h>
| #endif
| #ifdef HAVE_UNISTD_H
| # include <unistd.h>
| #endif
| int
| main ()
| {
| if (sizeof ((size_t)))
| 	    return 0;
|   ;
|   return 0;
| }
configure:4661: result: yes
configure:4672: checking for off_t
configure:4672: gcc -c -g -O2 -DGTK_ENABLE_BROKEN  conftest.c >&5
configure:4672: $? = 0
configure:4672: gcc -c -g -O2 -DGTK_ENABLE_BROKEN  conftest.c >&5
conftest.c:62:20: error: expected expression
if (sizeof ((off_t)))
                   ^
1 error generated.
configure:4672: $? = 1
configure: failed program was:
| /* confdefs.h */
| #define PACKAGE_NAME ""
| #define PACKAGE_TARNAME ""
| #define PACKAGE_VERSION ""
| #define PACKAGE_STRING ""
| #define PACKAGE_BUGREPORT ""
| #define PACKAGE_URL ""
| #define PACKAGE "mdview"
| #define VERSION "3.64.0"
| #define MDV_VERSION "3"
| #define MDV_REVISION "64"
| #define MDV_FIXLEVEL "0"
| #define STDC_HEADERS 1
| #define HAVE_SYS_TYPES_H 1
| #define HAVE_SYS_STAT_H 1
| #define HAVE_STDLIB_H 1
| #define HAVE_STRING_H 1
| #define HAVE_MEMORY_H 1
| #define HAVE_STRINGS_H 1
| #define HAVE_INTTYPES_H 1
| #define HAVE_STDINT_H 1
| #define HAVE_UNISTD_H 1
| #define HAVE_SYS_TIME_H 1
| #define HAVE_UNISTD_H 1
| /* end confdefs.h.  */
| #include <stdio.h>
| #ifdef HAVE_SYS_TYPES_H
| # include <sys/types.h>
| #endif
| #ifdef HAVE_SYS_STAT_H
| # include <sys/stat.h>
| #endif
| #ifdef STDC_HEADERS
| # include <stdlib.h>
| # include <stddef.h>
| #else
| # ifdef HAVE_STDLIB_H
| #  include <stdlib.h>
| # endif
| #endif
| #ifdef HAVE_STRING_H
| # if !defined STDC_HEADERS && defined HAVE_MEMORY_H
| #  include <memory.h>
| # endif
| # include <string.h>
| #endif
| #ifdef HAVE_STRINGS_H
| # include <strings.h>
| #endif
| #ifdef HAVE_INTTYPES_H
| # include <inttypes.h>
| #endif
| #ifdef HAVE_STDINT_H
| # include <stdint.h>
| #endif
| #ifdef HAVE_UNISTD_H
| # include <unistd.h>
| #endif
| int
| main ()
| {
| if (sizeof ((off_t)))
| 	    return 0;
|   ;
|   return 0;
| }
configure:4672: result: yes
configure:4683: checking whether time.h and sys/time.h may both be included
configure:4703: gcc -c -g -O2 -DGTK_ENABLE_BROKEN  conftest.c >&5
configure:4703: $? = 0
configure:4710: result: yes
configure:4722: checking size of int
configure:4727: gcc -o conftest -g -O2 -DGTK_ENABLE_BROKEN   conftest.c  >&5
configure:4727: $? = 0
configure:4727: ./conftest
configure:4727: $? = 0
configure:4741: result: 4
configure:4755: checking size of long
configure:4760: gcc -o conftest -g -O2 -DGTK_ENABLE_BROKEN   conftest.c  >&5
configure:4760: $? = 0
configure:4760: ./conftest
configure:4760: $? = 0
configure:4774: result: 8
configure:4787: checking for vprintf
configure:4787: gcc -o conftest -g -O2 -DGTK_ENABLE_BROKEN   conftest.c  >&5
conftest.c:52:6: warning: incompatible redeclaration of library function 'vprintf' [-Wincompatible-library-redeclaration]
char vprintf ();
     ^
conftest.c:52:6: note: 'vprintf' is a builtin with type 'int (const char *, struct __va_list_tag *)'
1 warning generated.
configure:4787: $? = 0
configure:4787: result: yes
configure:4793: checking for _doprnt
configure:4793: gcc -o conftest -g -O2 -DGTK_ENABLE_BROKEN   conftest.c  >&5
Undefined symbols for architecture x86_64:
  "__doprnt", referenced from:
      _main in conftest-5f2355.o
ld: symbol(s) not found for architecture x86_64
clang: error: linker command failed with exit code 1 (use -v to see invocation)
configure:4793: $? = 1
configure: failed program was:
| /* confdefs.h */
| #define PACKAGE_NAME ""
| #define PACKAGE_TARNAME ""
| #define PACKAGE_VERSION ""
| #define PACKAGE_STRING ""
| #define PACKAGE_BUGREPORT ""
| #define PACKAGE_URL ""
| #define PACKAGE "mdview"
| #define VERSION "3.64.0"
| #define MDV_VERSION "3"
| #define MDV_REVISION "64"
| #define MDV_FIXLEVEL "0"
| #define STDC_HEADERS 1
| #define HAVE_SYS_TYPES_H 1
| #define HAVE_SYS_STAT_H 1
| #define HAVE_STDLIB_H 1
| #define HAVE_STRING_H 1
| #define HAVE_MEMORY_H 1
| #define HAVE_STRINGS_H 1
| #define HAVE_INTTYPES_H 1
| #define HAVE_STDINT_H 1
| #define HAVE_UNISTD_H 1
| #define HAVE_SYS_TIME_H 1
| #define HAVE_UNISTD_H 1
| #define TIME_WITH_SYS_TIME 1
| #define SIZEOF_INT 4
| #define SIZEOF_LONG 8
| #define HAVE_VPRINTF 1
| /* end confdefs.h.  */
| /* Define _doprnt to an innocuous variant, in case <limits.h> declares _doprnt.
|    For example, HP-UX 11i <limits.h> declares gettimeofday.  */
| #define _doprnt innocuous__doprnt
| 
| /* System header to define __stub macros and hopefully few prototypes,
|     which can conflict with char _doprnt (); below.
|     Prefer <limits.h> to <assert.h> if __STDC__ is defined, since
|     <limits.h> exists even on freestanding compilers.  */
| 
| #ifdef __STDC__
| # include <limits.h>
| #else
| # include <assert.h>
| #endif
| 
| #undef _doprnt
| 
| /* Override any GCC internal prototype to avoid an error.
|    Use char because int might match the return type of a GCC
|    builtin and then its argument prototype would still apply.  */
| #ifdef __cplusplus
| extern "C"
| #endif
| char _doprnt ();
| /* The GNU C library defines this for functions which it implements
|     to always fail with ENOSYS.  Some functions are actually named
|     something starting with __ and the normal name is an alias.  */
| #if defined __stub__doprnt || defined __stub____doprnt
| choke me
| #endif
| 
| int
| main ()
| {
| return _doprnt ();
|   ;
|   return 0;
| }
configure:4793: result: no
configure:4807: checking for gettimeofday
configure:4807: gcc -o conftest -g -O2 -DGTK_ENABLE_BROKEN   conftest.c  >&5
configure:4807: $? = 0
configure:4807: result: yes
configure:4807: checking for strspn
configure:4807: gcc -o conftest -g -O2 -DGTK_ENABLE_BROKEN   conftest.c  >&5
conftest.c:54:6: warning: incompatible redeclaration of library function 'strspn' [-Wincompatible-library-redeclaration]
char strspn ();
     ^
conftest.c:54:6: note: 'strspn' is a builtin with type 'unsigned long (const char *, const char *)'
1 warning generated.
configure:4807: $? = 0
configure:4807: result: yes
configure:4807: checking for strstr
configure:4807: gcc -o conftest -g -O2 -DGTK_ENABLE_BROKEN   conftest.c  >&5
conftest.c:55:6: warning: incompatible redeclaration of library function 'strstr' [-Wincompatible-library-redeclaration]
char strstr ();
     ^
conftest.c:55:6: note: 'strstr' is a builtin with type 'char *(const char *, const char *)'
1 warning generated.
configure:4807: $? = 0
configure:4807: result: yes
configure:4807: checking for strtod
configure:4807: gcc -o conftest -g -O2 -DGTK_ENABLE_BROKEN   conftest.c  >&5
configure:4807: $? = 0
configure:4807: result: yes
configure:4807: checking for strtol
configure:4807: gcc -o conftest -g -O2 -DGTK_ENABLE_BROKEN   conftest.c  >&5
configure:4807: $? = 0
configure:4807: result: yes
configure:4807: checking for strlcpy
configure:4807: gcc -o conftest -g -O2 -DGTK_ENABLE_BROKEN   conftest.c  >&5
conftest.c:58:6: warning: incompatible redeclaration of library function 'strlcpy' [-Wincompatible-library-redeclaration]
char strlcpy ();
     ^
conftest.c:58:6: note: 'strlcpy' is a builtin with type 'unsigned long (char *, const char *, unsigned long)'
1 warning generated.
configure:4807: $? = 0
configure:4807: result: yes
configure:4807: checking for ftello
configure:4807: gcc -o conftest -g -O2 -DGTK_ENABLE_BROKEN   conftest.c  >&5
configure:4807: $? = 0
configure:4807: result: yes
configure:4819: checking for usleep
configure:4819: gcc -o conftest -g -O2 -DGTK_ENABLE_BROKEN   conftest.c  >&5
configure:4819: $? = 0
configure:4819: result: yes
configure:4964: checking that generated files are newer than configure
configure:4970: result: done
configure:4993: creating ./config.status

## ---------------------- ##
## Running config.status. ##
## ---------------------- ##

This file was extended by config.status, which was
generated by GNU Autoconf 2.69.  Invocation command line was

  CONFIG_FILES    = 
  CONFIG_HEADERS  = 
  CONFIG_LINKS    = 
  CONFIG_COMMANDS = 
  $ ./config.status 

on vitroid-black.local

config.status:887: creating mdview.spec
config.status:887: creating Makefile
config.status:887: creating config.h
config.status:1068: config.h is unchanged
config.status:1116: executing depfiles commands

## ---------------- ##
## Cache variables. ##
## ---------------- ##

ac_cv_c_compiler_gnu=yes
ac_cv_c_const=yes
ac_cv_env_CC_set=
ac_cv_env_CC_value=
ac_cv_env_CFLAGS_set=
ac_cv_env_CFLAGS_value=
ac_cv_env_CPPFLAGS_set=
ac_cv_env_CPPFLAGS_value=
ac_cv_env_CPP_set=
ac_cv_env_CPP_value=
ac_cv_env_LDFLAGS_set=
ac_cv_env_LDFLAGS_value=
ac_cv_env_LIBS_set=
ac_cv_env_LIBS_value=
ac_cv_env_build_alias_set=
ac_cv_env_build_alias_value=
ac_cv_env_host_alias_set=
ac_cv_env_host_alias_value=
ac_cv_env_target_alias_set=
ac_cv_env_target_alias_value=
ac_cv_func__doprnt=no
ac_cv_func_ftello=yes
ac_cv_func_gettimeofday=yes
ac_cv_func_strlcpy=yes
ac_cv_func_strspn=yes
ac_cv_func_strstr=yes
ac_cv_func_strtod=yes
ac_cv_func_strtol=yes
ac_cv_func_usleep=yes
ac_cv_func_vprintf=yes
ac_cv_header_inttypes_h=yes
ac_cv_header_memory_h=yes
ac_cv_header_stdc=yes
ac_cv_header_stdint_h=yes
ac_cv_header_stdlib_h=yes
ac_cv_header_string_h=yes
ac_cv_header_strings_h=yes
ac_cv_header_sys_stat_h=yes
ac_cv_header_sys_time_h=yes
ac_cv_header_sys_types_h=yes
ac_cv_header_time=yes
ac_cv_header_unistd_h=yes
ac_cv_objext=o
ac_cv_path_EGREP='/usr/bin/grep -E'
ac_cv_path_GREP=/usr/bin/grep
ac_cv_path_PKG_CONFIG=/usr/local/bin/pkg-config
ac_cv_path_install='/usr/bin/install -c'
ac_cv_prog_AWK=awk
ac_cv_prog_CPP='gcc -E'
ac_cv_prog_ac_ct_CC=gcc
ac_cv_prog_cc_c89=
ac_cv_prog_cc_g=yes
ac_cv_prog_make_make_set=yes
ac_cv_sizeof_int=4
ac_cv_sizeof_long=8
ac_cv_type_off_t=yes
ac_cv_type_size_t=yes
am_cv_CC_dependencies_compiler_type=gcc3

## ----------------- ##
## Output variables. ##
## ----------------- ##

ACLOCAL='aclocal-1.12'
AMDEPBACKSLASH='\'
AMDEP_FALSE='#'
AMDEP_TRUE=''
AMTAR='$${TAR-tar}'
AUTOCONF='autoconf'
AUTOHEADER='autoheader'
AUTOMAKE='automake-1.12'
AWK='awk'
CC='gcc'
CCDEPMODE='depmode=gcc3'
CFLAGS='-g -O2 -DGTK_ENABLE_BROKEN'
CPP='gcc -E'
CPPFLAGS=''
CYGPATH_W='echo'
DEFS='-DHAVE_CONFIG_H'
DEPDIR='.deps'
ECHO_C='\c'
ECHO_N=''
ECHO_T=''
EGREP='/usr/bin/grep -E'
EXEEXT=''
GREP='/usr/bin/grep'
GTK_CFLAGS='-D_REENTRANT -I/usr/local/Cellar/gtk+/2.24.31_1/include/gtk-2.0 -I/usr/local/Cellar/gtk+/2.24.31_1/lib/gtk-2.0/include -I/usr/local/Cellar/pango/1.40.3/include/pango-1.0 -I/usr/local/Cellar/harfbuzz/1.4.2/include/harfbuzz -I/usr/local/Cellar/pango/1.40.3/include/pango-1.0 -I/usr/local/Cellar/atk/2.22.0/include/atk-1.0 -I/usr/local/Cellar/cairo/1.14.8/include/cairo -I/usr/local/Cellar/pixman/0.34.0/include/pixman-1 -I/usr/local/Cellar/fontconfig/2.12.1_2/include -I/usr/local/opt/freetype/include/freetype2 -I/usr/local/Cellar/libpng/1.6.28/include/libpng16 -I/usr/local/Cellar/gdk-pixbuf/2.36.2/include/gdk-pixbuf-2.0 -I/usr/local/Cellar/libpng/1.6.28/include/libpng16 -I/usr/local/Cellar/glib/2.50.2/include/glib-2.0 -I/usr/local/Cellar/glib/2.50.2/lib/glib-2.0/include -I/usr/local/opt/gettext/include -I/usr/local/Cellar/pcre/8.39/include'
GTK_LIBS='-L/usr/local/Cellar/gtk+/2.24.31_1/lib -L/usr/local/Cellar/pango/1.40.3/lib -L/usr/local/Cellar/atk/2.22.0/lib -L/usr/local/Cellar/cairo/1.14.8/lib -L/usr/local/Cellar/gdk-pixbuf/2.36.2/lib -L/usr/local/Cellar/glib/2.50.2/lib -L/usr/local/opt/gettext/lib -lgtk-quartz-2.0 -lgdk-quartz-2.0 -lpangocairo-1.0 -lpango-1.0 -latk-1.0 -lcairo -lgdk_pixbuf-2.0 -lgio-2.0 -lgobject-2.0 -lglib-2.0 -lintl'
INCS=''
INSTALL_DATA='${INSTALL} -m 644'
INSTALL_PROGRAM='${INSTALL}'
INSTALL_SCRIPT='${INSTALL}'
INSTALL_STRIP_PROGRAM='$(install_sh) -c -s'
LDFLAGS=''
LIBOBJS=''
LIBS=''
LTLIBOBJS=''
MAKEINFO='makeinfo'
MKDIR_P='./install-sh -c -d'
OBJEXT='o'
PACKAGE='mdview'
PACKAGE_BUGREPORT=''
PACKAGE_NAME=''
PACKAGE_STRING=''
PACKAGE_TARNAME=''
PACKAGE_URL=''
PACKAGE_VERSION=''
PATH_SEPARATOR=':'
PKG_CONFIG='/usr/local/bin/pkg-config'
SET_MAKE=''
SHELL='/bin/sh'
STRIP=''
VERSION='3.64.0'
X_CFLAGS='-D_REENTRANT -I/usr/local/Cellar/gtk+/2.24.31_1/include/gtk-2.0 -I/usr/local/Cellar/gtk+/2.24.31_1/lib/gtk-2.0/include -I/usr/local/Cellar/pango/1.40.3/include/pango-1.0 -I/usr/local/Cellar/harfbuzz/1.4.2/include/harfbuzz -I/usr/local/Cellar/pango/1.40.3/include/pango-1.0 -I/usr/local/Cellar/atk/2.22.0/include/atk-1.0 -I/usr/local/Cellar/cairo/1.14.8/include/cairo -I/usr/local/Cellar/pixman/0.34.0/include/pixman-1 -I/usr/local/Cellar/fontconfig/2.12.1_2/include -I/usr/local/opt/freetype/include/freetype2 -I/usr/local/Cellar/libpng/1.6.28/include/libpng16 -I/usr/local/Cellar/gdk-pixbuf/2.36.2/include/gdk-pixbuf-2.0 -I/usr/local/Cellar/libpng/1.6.28/include/libpng16 -I/usr/local/Cellar/glib/2.50.2/include/glib-2.0 -I/usr/local/Cellar/glib/2.50.2/lib/glib-2.0/include -I/usr/local/opt/gettext/include -I/usr/local/Cellar/pcre/8.39/include'
X_LIBS='-L/usr/local/Cellar/gtk+/2.24.31_1/lib -L/usr/local/Cellar/pango/1.40.3/lib -L/usr/local/Cellar/atk/2.22.0/lib -L/usr/local/Cellar/cairo/1.14.8/lib -L/usr/local/Cellar/gdk-pixbuf/2.36.2/lib -L/usr/local/Cellar/glib/2.50.2/lib -L/usr/local/opt/gettext/lib -lgtk-quartz-2.0 -lgdk-quartz-2.0 -lpangocairo-1.0 -lpango-1.0 -latk-1.0 -lcairo -lgdk_pixbuf-2.0 -lgio-2.0 -lgobject-2.0 -lglib-2.0 -lintl'
ac_ct_CC='gcc'
am__EXEEXT_FALSE=''
am__EXEEXT_TRUE='#'
am__fastdepCC_FALSE='#'
am__fastdepCC_TRUE=''
am__include='include'
am__isrc=''
am__leading_dot='.'
am__nodep='_no'
am__quote=''
am__tar='$${TAR-tar} chof - "$$tardir"'
am__untar='$${TAR-tar} xf -'
bindir='${exec_prefix}/bin'
build_alias=''
datadir='${datarootdir}'
datarootdir='${prefix}/share'
docdir='${datarootdir}/doc/${PACKAGE}'
dvidir='${docdir}'
exec_prefix='${prefix}'
host_alias=''
htmldir='${docdir}'
includedir='${prefix}/include'
infodir='${datarootdir}/info'
install_sh='${SHELL} /Users/matto/github/mdview/install-sh'
libdir='${exec_prefix}/lib'
libexecdir='${exec_prefix}/libexec'
localedir='${datarootdir}/locale'
localstatedir='${prefix}/var'
mandir='${datarootdir}/man'
mkdir_p='$(MKDIR_P)'
oldincludedir='/usr/include'
pdfdir='${docdir}'
prefix='/usr/local'
program_transform_name='s,x,x,'
psdir='${docdir}'
sbindir='${exec_prefix}/sbin'
sharedstatedir='${prefix}/com'
sysconfdir='${prefix}/etc'
target_alias=''

## ----------- ##
## confdefs.h. ##
## ----------- ##

/* confdefs.h */
#define PACKAGE_NAME ""
#define PACKAGE_TARNAME ""
#define PACKAGE_VERSION ""
#define PACKAGE_STRING ""
#define PACKAGE_BUGREPORT ""
#define PACKAGE_URL ""
#define PACKAGE "mdview"
#define VERSION "3.64.0"
#define MDV_VERSION "3"
#define MDV_REVISION "64"
#define MDV_FIXLEVEL "0"
#define STDC_HEADERS 1
#define HAVE_SYS_TYPES_H 1
#define HAVE_SYS_STAT_H 1
#define HAVE_STDLIB_H 1
#define HAVE_STRING_H 1
#define HAVE_MEMORY_H 1
#define HAVE_STRINGS_H 1
#define HAVE_INTTYPES_H 1
#define HAVE_STDINT_H 1
#define HAVE_UNISTD_H 1
#define HAVE_SYS_TIME_H 1
#define HAVE_UNISTD_H 1
#define TIME_WITH_SYS_TIME 1
#define SIZEOF_INT 4
#define SIZEOF_LONG 8
#define HAVE_VPRINTF 1
#define HAVE_GETTIMEOFDAY 1
#define HAVE_STRSPN 1
#define HAVE_STRSTR 1
#define HAVE_STRTOD 1
#define HAVE_STRTOL 1
#define HAVE_STRLCPY 1
#define HAVE_FTELLO 1
#define HAVE_USLEEP 1
#define RGB_FILEPATH "/opt/X11/share/X11/rgb.txt"

configure: exit 0
